Info: ilivalidator-1.8.1-2748b46e6be0e4c6ce91de0e889217f2cc0b5885
Info: ili2c-4.7.7-20180208
Info: iox-ili-1.20.4-3bec640e2cb288397dc8f371dab21e91dfe43b36
Info: maxMemory 7918976 KB
Info: dataFile </tmp/ilivalidator_7669631404127348790/exp1_npletztst03_20191104C_NoVal.xtf>
Info: configFile </tmp/ilivalidator_7669631404127348790/so_nutzungsplanung_20171118.toml>
Info: pluginFolder </tmp/ilivalidator_7669631404127348790>
Info: ilidirs <%ITF_DIR;http://models.interlis.ch/;%JAR_DIR/ilimodels>
Info: lookup model <GeometryCHLV03_V1> in repository </tmp/ilivalidator_7669631404127348790>
Info: lookup model <GeometryCHLV03_V1> in repository <http://models.interlis.ch/>
Info: lookup model <GeometryCHLV03_V1> in repository <http://models.geo.admin.ch>
Info: lookup model <SO_Nutzungsplanung_20171118> 2.3 in repository </tmp/ilivalidator_7669631404127348790>
Info: lookup model <InternationalCodes_V1> 2.3 in repository </tmp/ilivalidator_7669631404127348790>
Info: lookup model <InternationalCodes_V1> 2.3 in repository <http://models.interlis.ch/>
Info: lookup model <InternationalCodes_V1> 2.3 in repository <http://models.geo.admin.ch>
Info: lookup model <CoordSys> 2.3 in repository </tmp/ilivalidator_7669631404127348790>
Info: lookup model <CoordSys> 2.3 in repository <http://models.interlis.ch/>
Info: lookup model <Units> 2.3 in repository </tmp/ilivalidator_7669631404127348790>
Info: lookup model <Units> 2.3 in repository <http://models.interlis.ch/>
Info: lookup model <CHAdminCodes_V1> 2.3 in repository </tmp/ilivalidator_7669631404127348790>
Info: lookup model <CHAdminCodes_V1> 2.3 in repository <http://models.interlis.ch/>
Info: lookup model <CHAdminCodes_V1> 2.3 in repository <http://models.geo.admin.ch>
Info: lookup model <SO_Nutzungsplanung_20171118_Validierung_20190129> 2.3 in repository </tmp/ilivalidator_7669631404127348790>
Info: lookup model <SO_FunctionsExt> 2.3 in repository </tmp/ilivalidator_7669631404127348790>
Info: lookup model <SO_OEREB_FunctionsExt> 2.3 in repository </tmp/ilivalidator_7669631404127348790>
Info: ilifile <?/.ilicache/models.interlis.ch/refhb23/CoordSys-20151124.ili>
Info: ilifile </tmp/ilivalidator_7669631404127348790/SO_OEREB_FunctionsExt.ili>
Info: ilifile <?/.ilicache/models.geo.admin.ch/CH/CHBase_Part2_LOCALISATION_20110830.ili>
Info: ilifile </tmp/ilivalidator_7669631404127348790/SO_FunctionsExt.ili>
Info: ilifile <?/.ilicache/models.interlis.ch/refhb23/Units-20120220.ili>
Info: ilifile <?/.ilicache/models.geo.admin.ch/CH/CHBase_Part4_ADMINISTRATIVEUNITS_20110830.ili>
Info: ilifile <?/.ilicache/models.geo.admin.ch/CH/CHBase_Part1_GEOMETRY_20110830.ili>
Info: ilifile </tmp/ilivalidator_7669631404127348790/SO_Nutzungsplanung_20171118.ili>
Info: ilifile </tmp/ilivalidator_7669631404127348790/SO_Nutzungsplanung_20171118_Validierung_20190129.ili>
Info: validate data...
Info: assume unknown/external objects
Info: additional model SO_Nutzungsplanung_20171118_Validierung_20190129
Info: additional model SO_FunctionsExt
Info: first validation pass...
Info: second validation pass...
Info: validate target of role SO_Nutzungsplanung_20171118.Nutzungsplanung.Typ_Grundnutzung_Grundnutzung.Typ_Grundnutzung...
Info: validate multiplicity of role SO_Nutzungsplanung_20171118.Nutzungsplanung.Typ_Grundnutzung_Grundnutzung.Typ_Grundnutzung...
Info: validate multiplicity of role SO_Nutzungsplanung_20171118.Nutzungsplanung.Grundnutzung_Grundnutzung_Pos.Grundnutzung_Pos...
Info: validate mandatory constraint SO_Nutzungsplanung_20171118_Validierung_20190129.Nutzungsplanung_Validierung.v_Typ_Grundnutzung.Constraint1...
Info: validate mandatory constraint SO_Nutzungsplanung_20171118_Validierung_20190129.Nutzungsplanung_Validierung.v_Typ_Grundnutzung.Constraint5...
Info: validate mandatory constraint SO_Nutzungsplanung_20171118_Validierung_20190129.Nutzungsplanung_Validierung.v_Typ_Grundnutzung.Constraint2...
Info: validate mandatory constraint SO_Nutzungsplanung_20171118_Validierung_20190129.Nutzungsplanung_Validierung.v_Typ_Grundnutzung.Constraint3...
Info: validate mandatory constraint SO_Nutzungsplanung_20171118_Validierung_20190129.Nutzungsplanung_Validierung.v_Typ_Grundnutzung.Constraint4...
Info: validate multiplicity of role SO_Nutzungsplanung_20171118.Nutzungsplanung.Typ_Grundnutzung_Dokument.Dokument...
Info: validate multiplicity of role SO_Nutzungsplanung_20171118.Nutzungsplanung.Typ_Grundnutzung_Grundnutzung.Grundnutzung...
Info: validate AREA SO_Nutzungsplanung_20171118.Nutzungsplanung.Grundnutzung.Geometrie...
Error: intersection tid1 null, tid2 null, coord (2615566.291, 1226298.227, NaN), coord2 (2615565.555, 1226298.227, NaN)
Error: intersection tid1 null, tid2 null, coord (2615563.4796655546, 1226298.2467458192, NaN)
Error: intersection tid1 null, tid2 null, coord (2615563.236246358, 1226298.2526157622, NaN)
Error: intersection tid1 null, tid2 null, coord (2615562.234506645, 1226298.277658388, NaN)
Error: intersection tid1 null, tid2 null, coord (2615561.405127948, 1226298.307658522, NaN)
Error: intersection tid1 null, tid2 null, coord (2615560.695248502, 1226298.3367919277, NaN)
Error: intersection tid1 null, tid2 null, coord (2615559.5856574182, 1226298.39113127, NaN)
Error: intersection tid1 null, tid2 null, coord (2615559.9169918993, 1226298.3743548405, NaN)
Error: intersection tid1 null, tid2 null, coord (2615558.929452675, 1226298.4302264245, NaN)
Error: intersection tid1 null, tid2 null, coord (2615554.262736267, 1226298.8125448928, NaN)
Error: intersection tid1 null, tid2 null, coord (2615554.057691796, 1226298.8347748849, NaN)
Error: intersection tid1 null, tid2 null, coord (2615552.627966111, 1226298.9951026705, NaN)
Error: intersection tid1 null, tid2 null, coord (2615551.641234658, 1226299.115740072, NaN)
Error: intersection tid1 null, tid2 null, coord (2615551.9601805937, 1226299.076107737, NaN)
Error: intersection tid1 null, tid2 null, coord (2615551.100387269, 1226299.1876612674, NaN)
Error: intersection tid1 null, tid2 null, coord (2615549.659409122, 1226299.3890909045, NaN)
Error: intersection tid1 null, tid2 null, coord (2615549.4202199434, 1226299.4240409215, NaN)
Error: intersection tid1 null, tid2 null, coord (2615547.1894996753, 1226299.7787903107, NaN)
Error: intersection tid1 null, tid2 null, coord (2615547.8517705053, 1226299.6694573727, NaN)
Error: intersection tid1 null, tid2 null, coord (2615546.5715412446, 1226299.8861474956, NaN)
Error: intersection tid1 null, tid2 null, coord (2615545.8573908852, 1226300.0113671173, NaN)
Error: intersection tid1 null, tid2 null, coord (2615545.564571597, 1226300.0652856831, NaN)
Error: intersection tid1 null, tid2 null, coord (2615542.9559492557, 1226300.5674419454, NaN)
Error: intersection tid1 null, tid2 null, coord (2615542.7078552768, 1226300.6189298218, NaN)
Error: intersection tid1 null, tid2 null, coord (2615540.931302785, 1226300.99731343, NaN)
Error: intersection tid1 null, tid2 null, coord (2615540.9126789654, 1226301.0014019094, NaN)
Error: intersection tid1 null, tid2 null, coord (2615539.6584792547, 1226301.284640468, NaN)
Error: intersection tid1 null, tid2 null, coord (2615538.5696318587, 1226301.5412104584, NaN)
Error: intersection tid1 null, tid2 null, coord (2615537.334504306, 1226301.8436623358, NaN)
Error: intersection tid1 null, tid2 null, coord (2615538.1409766567, 1226301.6453036629, NaN)
Error: intersection tid1 null, tid2 null, coord (2615536.5978695448, 1226302.0315253676, NaN)
Error: intersection tid1 null, tid2 null, coord (2615533.962926829, 1226302.738007349, NaN)
Error: intersection tid1 null, tid2 null, coord (2615533.8671371643, 1226302.7646540403, NaN)
Error: intersection tid1 null, tid2 null, coord (2615533.056999866, 1226302.9939855463, NaN)
Error: intersection tid1 null, tid2 null, coord (2615532.5968004074, 1226303.1277101715, NaN)
Error: intersection tid1 null, tid2 null, coord (2615503.038798225, 1225586.4980711367, NaN)
Error: intersection tid1 null, tid2 null, coord (2615503.038798225, 1225586.4980711367, NaN)
Error: intersection tid1 null, tid2 d13ee51d-2c13-4978-ac0b-89ab9d3be234, coord (2614836.7549578208, 1226570.5989700875, NaN)
Error: intersection tid1 null, tid2 null, coord (2614707.0964339785, 1226559.2271509294, NaN)
Error: intersection tid1 null, tid2 null, coord (2614707.280275021, 1226559.0720741313, NaN)
Error: intersection tid1 null, tid2 null, coord (2614707.7441357877, 1226558.6886559937, NaN)
Error: intersection tid1 null, tid2 null, coord (2614707.830656243, 1226558.6180428867, NaN)
Error: intersection tid1 null, tid2 null, coord (2614708.4226579764, 1226558.148035121, NaN)
Error: intersection tid1 null, tid2 null, coord (2614708.4536009254, 1226558.124269311, NaN)
Error: intersection tid1 null, tid2 null, coord (2614709.032579029, 1226557.6834461086, NaN)
Error: intersection tid1 null, tid2 null, coord (2614709.084210999, 1226557.644694131, NaN)
Error: intersection tid1 null, tid2 null, coord (2614710.342322477, 1226556.744293104, NaN)
Error: intersection tid1 null, tid2 null, coord (2614710.4221774694, 1226556.689938025, NaN)
Error: intersection tid1 null, tid2 null, coord (2614710.91410134, 1226556.3595192805, NaN)
Error: intersection tid1 null, tid2 null, coord (2614711.0952497753, 1226556.239757945, NaN)
Error: intersection tid1 null, tid2 null, coord (2614712.3475297852, 1226555.4536349266, NaN)
Error: intersection tid1 null, tid2 null, coord (2614712.4214938274, 1226555.4091666664, NaN)
Error: intersection tid1 null, tid2 null, coord (2614713.714588511, 1226554.665851225, NaN)
Error: intersection tid1 null, tid2 null, coord (2614713.8744269675, 1226554.578838574, NaN)
Error: intersection tid1 null, tid2 null, coord (2614714.4154824666, 1226554.289918003, NaN)
Error: intersection tid1 null, tid2 null, coord (2614714.5251185, 1226554.2325203149, NaN)
Error: intersection tid1 null, tid2 null, coord (2614715.879544484, 1226553.55973191, NaN)
Error: intersection tid1 null, tid2 null, coord (2614715.9488838464, 1226553.527054739, NaN)
Error: intersection tid1 null, tid2 null, coord (2614717.333200119, 1226552.9069385563, NaN)
Error: intersection tid1 null, tid2 null, coord (2614717.4545709705, 1226552.85596737, NaN)
Error: intersection tid1 null, tid2 null, coord (2614718.0529816034, 1226552.60932515, NaN)
Error: intersection tid1 null, tid2 null, coord (2614718.160184073, 1226552.5662437838, NaN)
Error: intersection tid1 null, tid2 null, coord (2614718.805407199, 1226552.3150831035, NaN)
Error: intersection tid1 null, tid2 null, coord (2614718.875972637, 1226552.2880526294, NaN)
Error: intersection tid1 null, tid2 null, coord (2614719.557523671, 1226552.0384833429, NaN)
Error: intersection tid1 null, tid2 null, coord (2614719.670719738, 1226551.998458214, NaN)
Error: intersection tid1 null, tid2 null, coord (2614720.354414402, 1226551.7636357404, NaN)
Error: intersection tid1 null, tid2 null, coord (2614720.370192374, 1226551.7583283423, NaN)
Error: intersection tid1 null, tid2 null, coord (2614721.113222603, 1226551.5191136166, NaN)
Error: intersection tid1 null, tid2 null, coord (2614721.16038179, 1226551.504734772, NaN)
Error: intersection tid1 null, tid2 null, coord (2614721.883750139, 1226551.2887616926, NaN)
Error: intersection tid1 null, tid2 null, coord (2614721.9020705703, 1226551.2834705934, NaN)
Error: intersection tid1 null, tid2 null, coord (2614722.6088347766, 1226551.0863832983, NaN)
Error: intersection tid1 null, tid2 null, coord (2614723.4198524416, 1226550.8778786927, NaN)
Error: intersection tid1 null, tid2 null, coord (2614723.4749769103, 1226550.8644913218, NaN)
Error: intersection tid1 null, tid2 null, coord (2614724.071416158, 1226550.72343114, NaN)
Error: intersection tid1 null, tid2 null, coord (2614724.311671936, 1226550.6688081569, NaN)
Error: intersection tid1 null, tid2 null, coord (2614725.728286742, 1226550.3809814209, NaN)
Error: intersection tid1 null, tid2 null, coord (2614725.8598716627, 1226550.3570779872, NaN)
Error: intersection tid1 null, tid2 null, coord (2614727.3114024512, 1226550.1210458954, NaN)
Error: intersection tid1 null, tid2 null, coord (2614727.470689248, 1226550.0990079674, NaN)
Error: intersection tid1 null, tid2 null, coord (2614728.0633072015, 1226550.0212875803, NaN)
Error: intersection tid1 null, tid2 null, coord (2614728.235795853, 1226550.000178829, NaN)
Error: intersection tid1 null, tid2 null, coord (2614729.640096943, 1226549.8569748094, NaN)
Error: intersection tid1 null, tid2 null, coord (2614729.8741901843, 1226549.8382147239, NaN)
Error: intersection tid1 null, tid2 null, coord (2614731.3364742673, 1226549.750488805, NaN)
Error: intersection tid1 null, tid2 null, coord (2614731.3736210475, 1226549.7491368423, NaN)
Error: intersection tid1 null, tid2 null, coord (2614732.0798000116, 1226549.7270687497, NaN)
Error: intersection tid1 null, tid2 null, coord (2614732.1967668617, 1226549.7244288728, NaN)
Error: intersection tid1 null, tid2 null, coord (2614732.9089032277, 1226549.7164173387, NaN)
Error: intersection tid1 null, tid2 null, coord (2614732.956176991, 1226549.7160890487, NaN)
Error: intersection tid1 null, tid2 null, coord (2614733.649448277, 1226549.7221551724, NaN)
Error: intersection tid1 null, tid2 null, coord (2614733.892701642, 1226549.727222951, NaN)
Error: intersection tid1 null, tid2 null, coord (2614734.3596754433, 1226549.7406652507, NaN)
Error: intersection tid1 null, tid2 null, coord (2614734.660106597, 1226549.7516184696, NaN)
Error: intersection tid1 null, tid2 null, coord (2614735.307759606, 1226549.7832310696, NaN)
Error: intersection tid1 null, tid2 null, coord (2614735.5648147454, 1226549.8002190613, NaN)
Error: intersection tid1 null, tid2 null, coord (2614735.9352835594, 1226549.8257526264, NaN)
Error: intersection tid1 null, tid2 null, coord (2614736.3018319737, 1226549.854439024, NaN)
Error: intersection tid1 null, tid2 null, coord (2614736.818750874, 1226549.9011368419, NaN)
Error: intersection tid1 null, tid2 null, coord (2614736.9685323564, 1226549.9152277827, NaN)
Error: intersection tid1 null, tid2 null, coord (2614737.6532082004, 1226549.990060444, NaN)
Error: intersection tid1 null, tid2 null, coord (2614737.906247696, 1226550.021026816, NaN)
Error: intersection tid1 null, tid2 null, coord (2614738.334155557, 1226550.076066667, NaN)
Error: intersection tid1 null, tid2 null, coord (2614738.6345428587, 1226550.1170285717, NaN)
Error: intersection tid1 null, tid2 null, coord (2614739.232446763, 1226550.2069787167, NaN)
Error: intersection tid1 null, tid2 null, coord (2614739.4973826334, 1226550.2505217432, NaN)
Error: intersection tid1 null, tid2 null, coord (2614739.9826823343, 1226550.333557814, NaN)
Error: intersection tid1 null, tid2 null, coord (2614740.2483456517, 1226550.3818176405, NaN)
Error: intersection tid1 null, tid2 null, coord (2614740.7416196703, 1226550.4760738222, NaN)
Error: intersection tid1 null, tid2 null, coord (2614833.466672783, 1226576.4584499274, NaN)
Error: intersection tid1 null, tid2 null, coord (2614833.7460257616, 1226576.3086391815, NaN)
Error: intersection tid1 null, tid2 null, coord (2614833.78500454, 1226576.2864924422, NaN)
Error: intersection tid1 null, tid2 null, coord (2614834.06970693, 1226576.1169609218, NaN)
Error: intersection tid1 null, tid2 null, coord (2614834.0786086908, 1226576.1113291956, NaN)
Error: intersection tid1 null, tid2 null, coord (2614834.364847091, 1226575.9239904422, NaN)
Error: intersection tid1 null, tid2 null, coord (2614834.3872212134, 1226575.9084463147, NaN)
Error: intersection tid1 null, tid2 null, coord (2614834.654563033, 1226575.7152643837, NaN)
Error: intersection tid1 null, tid2 null, coord (2614834.6761432397, 1226575.6990212174, NaN)
Error: intersection tid1 null, tid2 null, coord (2614834.955827333, 1226575.4772086374, NaN)
Error: intersection tid1 null, tid2 null, coord (2614835.2111304346, 1226575.2556956524, NaN)
Error: intersection tid1 null, tid2 null, coord (2614835.2288574665, 1226575.239617647, NaN)
Error: intersection tid1 null, tid2 null, coord (2614835.4597937563, 1226575.0210687444, NaN)
Error: intersection tid1 null, tid2 null, coord (2614835.491425017, 1226574.9901996828, NaN)
Error: intersection tid1 null, tid2 null, coord (2614835.711354872, 1226574.7623523527, NaN)
Error: intersection tid1 null, tid2 null, coord (2614835.744414551, 1226574.7267818118, NaN)
Error: intersection tid1 null, tid2 null, coord (2616426.7125026793, 1226171.7566923227, NaN)
Error: intersection tid1 null, tid2 null, coord (2615086.7888651732, 1226544.9217826966, NaN)
Error: intersection tid1 null, tid2 bbd8148b-faf3-4c3d-b593-887638bb3268, coord (2615932.8424543343, 1225286.9231801555, NaN)
Error: intersection tid1 null, tid2 null, coord (2616426.7125026793, 1226171.7566923227, NaN)
Error: intersection tid1 null, tid2 d13ee51d-2c13-4978-ac0b-89ab9d3be234, coord (2615360.3981912285, 1226305.727274019, NaN)
Error: intersection tid1 null, tid2 null, coord (2615013.2671656413, 1226620.6587413235, NaN)
Error: intersection tid1 null, tid2 null, coord (2615013.2671656413, 1226620.6587413235, NaN)
Error: intersection tid1 null, tid2 null, coord (2616500.898636224, 1226065.0565400901, NaN)
Error: intersection tid1 null, tid2 null, coord (2615437.915370346, 1226352.6427233317, NaN)
Error: intersection tid1 null, tid2 null, coord (2615438.719746493, 1226352.3595528377, NaN)
Error: intersection tid1 null, tid2 null, coord (2615436.621200028, 1226353.0891850968, NaN)
Error: intersection tid1 null, tid2 null, coord (2615435.7622893928, 1226353.3792958697, NaN)
Error: intersection tid1 null, tid2 null, coord (2614911.990020206, 1226621.516454547, NaN)
Error: intersection tid1 null, tid2 null, coord (2614912.324652418, 1226621.6255299135, NaN)
Error: intersection tid1 null, tid2 null, coord (2614912.013382506, 1226621.5237049158, NaN)
Error: intersection tid1 null, tid2 null, coord (2614912.417322818, 1226621.657856797, NaN)
Error: intersection tid1 null, tid2 null, coord (2614913.0977573628, 1226621.9284489765, NaN)
Error: intersection tid1 null, tid2 null, coord (2614913.4689999926, 1226622.1019999965, NaN)
Error: intersection tid1 null, tid2 null, coord (2614913.116424245, 1226621.9365454556, NaN)
Error: intersection tid1 null, tid2 null, coord (2614913.4690000117, 1226622.102000006, NaN)
Error: intersection tid1 null, tid2 null, coord (2614914.15188135, 1226622.4735254203, NaN)
Error: intersection tid1 null, tid2 null, coord (2614914.4889678806, 1226622.6840843433, NaN)
Error: intersection tid1 null, tid2 null, coord (2614914.1762710325, 1226622.4880654232, NaN)
Error: intersection tid1 null, tid2 null, coord (2614914.5080041713, 1226622.69648298, NaN)
Error: intersection tid1 null, tid2 null, coord (2614915.1319315126, 1226623.1413013744, NaN)
Error: intersection tid1 null, tid2 null, coord (2614915.157400648, 1226623.1610578548, NaN)
Error: intersection tid1 null, tid2 null, coord (2614916.3124928153, 1226624.2205527774, NaN)
Error: intersection tid1 null, tid2 null, coord (2614917.0581160686, 1226625.126576057, NaN)
Error: intersection tid1 null, tid2 null, coord (2614917.075938109, 1226625.151291528, NaN)
Error: intersection tid1 null, tid2 null, coord (2614918.0544817103, 1226626.8355670793, NaN)
Error: intersection tid1 null, tid2 null, coord (2614918.212868424, 1226627.204026323, NaN)
Error: intersection tid1 null, tid2 null, coord (2614918.0667999946, 1226626.8631999874, NaN)
Error: intersection tid1 null, tid2 null, coord (2614918.218961493, 1226627.219395408, NaN)
Error: intersection tid1 null, tid2 null, coord (2614918.4721493297, 1226627.9219606186, NaN)
Error: intersection tid1 null, tid2 null, coord (2614918.588435358, 1226628.315899742, NaN)
Error: intersection tid1 null, tid2 null, coord (2614918.4902859596, 1226627.979008564, NaN)
Error: intersection tid1 null, tid2 null, coord (2614918.5969966785, 1226628.3471128906, NaN)
Error: intersection tid1 null, tid2 null, coord (2614919.412839195, 1226633.3217537608, NaN)
Error: intersection tid1 null, tid2 null, coord (2614919.4162474303, 1226633.3594715626, NaN)
Error: intersection tid1 null, tid2 null, coord (2614919.452, 1226634.111, NaN)
Error: intersection tid1 null, tid2 null, coord (2614919.389879364, 1226635.2464952457, NaN)
Error: intersection tid1 null, tid2 null, coord (2614919.3845984265, 1226635.290062983, NaN)
Error: intersection tid1 null, tid2 null, coord (2614919.1837526415, 1226636.3916786523, NaN)
Error: intersection tid1 null, tid2 null, coord (2614919.08, 1226636.777, NaN)
Error: intersection tid1 null, tid2 null, coord (2614919.1745309937, 1226636.4278904884, NaN)
Error: intersection tid1 null, tid2 null, coord (2614918.973571423, 1226637.1175714456, NaN)
Error: intersection tid1 null, tid2 null, coord (2614918.8357762657, 1226637.503077981, NaN)
Error: intersection tid1 null, tid2 null, coord (2614918.959823274, 1226637.1593446678, NaN)
Error: intersection tid1 null, tid2 null, coord (2614918.830685724, 1226637.5162285466, NaN)
Error: intersection tid1 null, tid2 null, coord (2614918.540830187, 1226638.1878537766, NaN)
Error: intersection tid1 null, tid2 null, coord (2614918.3535381346, 1226638.5589421813, NaN)
Error: intersection tid1 null, tid2 null, coord (2614918.5159554654, 1226638.2396761135, NaN)
Error: intersection tid1 null, tid2 null, coord (2614918.1655789455, 1226638.893192985, NaN)
Error: intersection tid1 null, tid2 null, coord (2614918.3520999933, 1226638.5616000122, NaN)
Error: intersection tid1 null, tid2 null, coord (2614917.96842324, 1226639.2135701845, NaN)
Error: intersection tid1 null, tid2 null, coord (2614918.162485759, 1226638.898458768, NaN)
Error: intersection tid1 null, tid2 null, coord (2614917.7530819573, 1226639.5335082111, NaN)
Error: intersection tid1 null, tid2 null, coord (2614917.958440912, 1226639.2292727227, NaN)
Error: intersection tid1 null, tid2 null, coord (2614917.7295223926, 1226639.5662089488, NaN)
Error: intersection tid1 null, tid2 null, coord (2614917.2820882318, 1226640.1451764747, NaN)
Error: intersection tid1 null, tid2 null, coord (2614917.2710200693, 1226640.1585418035, NaN)
Error: intersection tid1 null, tid2 null, coord (2614916.773928567, 1226640.7040714335, NaN)
Error: intersection tid1 null, tid2 null, coord (2614916.7272000043, 1226640.7507999958, NaN)
Error: intersection tid1 null, tid2 null, coord (2614916.227690903, 1226641.2144737425, NaN)
Error: intersection tid1 null, tid2 null, coord (2614915.9041135195, 1226641.4822627557, NaN)
Error: intersection tid1 null, tid2 null, coord (2614916.151169271, 1226641.279975496, NaN)
Error: intersection tid1 null, tid2 null, coord (2614915.58934076, 1226641.7194884908, NaN)
Error: intersection tid1 null, tid2 null, coord (2614915.8720648345, 1226641.5072166938, NaN)
Error: intersection tid1 null, tid2 null, coord (2614915.569548382, 1226641.733709681, NaN)
Error: intersection tid1 null, tid2 null, coord (2614912.56093556, 1226642.7158937675, NaN)
Error: intersection tid1 null, tid2 null, coord (2614912.56093556, 1226642.7158937675, NaN)
Error: intersection tid1 null, tid2 null, coord (2614911.5710000913, 1226643.2109999543, NaN)
Error: intersection tid1 null, tid2 bd6c1f3b-c026-450e-8b3c-6217632204db, coord (2614894.421742806, 1226655.8606340797, NaN)
Error: intersection tid1 null, tid2 bd6c1f3b-c026-450e-8b3c-6217632204db, coord (2614894.8778414973, 1226655.9653948124, NaN)
Error: intersection tid1 null, tid2 bd6c1f3b-c026-450e-8b3c-6217632204db, coord (2614894.548826587, 1226655.8904971092, NaN)
Error: intersection tid1 null, tid2 bd6c1f3b-c026-450e-8b3c-6217632204db, coord (2614895.3883108683, 1226656.0672825691, NaN)
Error: intersection tid1 null, tid2 bd6c1f3b-c026-450e-8b3c-6217632204db, coord (2614894.9959681407, 1226655.9905542533, NaN)
Error: intersection tid1 null, tid2 bd6c1f3b-c026-450e-8b3c-6217632204db, coord (2614895.4647300043, 1226656.0813389386, NaN)
Error: intersection tid1 null, tid2 bd6c1f3b-c026-450e-8b3c-6217632204db, coord (2614896.3918481087, 1226656.2180399504, NaN)
Error: intersection tid1 null, tid2 bd6c1f3b-c026-450e-8b3c-6217632204db, coord (2614896.8289505565, 1226656.2621820623, NaN)
Error: intersection tid1 null, tid2 bd6c1f3b-c026-450e-8b3c-6217632204db, coord (2614896.547982198, 1226656.234811387, NaN)
Error: intersection tid1 null, tid2 bd6c1f3b-c026-450e-8b3c-6217632204db, coord (2614897.2934545246, 1226656.2968441544, NaN)
Error: intersection tid1 null, tid2 bd6c1f3b-c026-450e-8b3c-6217632204db, coord (2614897.027864413, 1226656.2789273611, NaN)
Error: intersection tid1 null, tid2 bd6c1f3b-c026-450e-8b3c-6217632204db, coord (2614897.934156622, 1226656.323500322, NaN)
Error: intersection tid1 null, tid2 bd6c1f3b-c026-450e-8b3c-6217632204db, coord (2614897.4780615885, 1226656.3081466279, NaN)
Error: intersection tid1 null, tid2 bd6c1f3b-c026-450e-8b3c-6217632204db, coord (2614898.4141665245, 1226656.3249211218, NaN)
Error: intersection tid1 null, tid2 bd6c1f3b-c026-450e-8b3c-6217632204db, coord (2614897.9915230405, 1226656.3240842042, NaN)
Error: intersection tid1 null, tid2 bd6c1f3b-c026-450e-8b3c-6217632204db, coord (2614898.8639927707, 1226656.3136338638, NaN)
Error: intersection tid1 null, tid2 bd6c1f3b-c026-450e-8b3c-6217632204db, coord (2614898.509157762, 1226656.323470874, NaN)
Error: intersection tid1 null, tid2 bd6c1f3b-c026-450e-8b3c-6217632204db, coord (2614899.0015178416, 1226656.3083848152, NaN)
Error: intersection tid1 null, tid2 bd6c1f3b-c026-450e-8b3c-6217632204db, coord (2614899.9053391274, 1226656.239547515, NaN)
Error: intersection tid1 null, tid2 bd6c1f3b-c026-450e-8b3c-6217632204db, coord (2614900.551638838, 1226656.1586002642, NaN)
Error: intersection tid1 null, tid2 bd6c1f3b-c026-450e-8b3c-6217632204db, coord (2614901.8810102255, 1226655.9063587938, NaN)
Error: intersection tid1 null, tid2 bd6c1f3b-c026-450e-8b3c-6217632204db, coord (2614902.336570159, 1226655.7924616158, NaN)
Error: intersection tid1 null, tid2 bd6c1f3b-c026-450e-8b3c-6217632204db, coord (2614902.0537914447, 1226655.8647465631, NaN)
Error: intersection tid1 null, tid2 bd6c1f3b-c026-450e-8b3c-6217632204db, coord (2614902.487803042, 1226655.7522655074, NaN)
Error: intersection tid1 null, tid2 bd6c1f3b-c026-450e-8b3c-6217632204db, coord (2614903.371501546, 1226655.4804859853, NaN)
Error: intersection tid1 null, tid2 bd6c1f3b-c026-450e-8b3c-6217632204db, coord (2614903.802944781, 1226655.326539879, NaN)
Error: intersection tid1 null, tid2 bd6c1f3b-c026-450e-8b3c-6217632204db, coord (2614903.4832456354, 1226655.4416315714, NaN)
Error: intersection tid1 null, tid2 bd6c1f3b-c026-450e-8b3c-6217632204db, coord (2614904.2316249986, 1226655.1598250007, NaN)
Error: intersection tid1 null, tid2 bd6c1f3b-c026-450e-8b3c-6217632204db, coord (2614903.9656446436, 1226655.2650853111, NaN)
Error: intersection tid1 null, tid2 bd6c1f3b-c026-450e-8b3c-6217632204db, coord (2614904.816802068, 1226654.9105200523, NaN)
Error: intersection tid1 null, tid2 bd6c1f3b-c026-450e-8b3c-6217632204db, coord (2614904.3824971723, 1226655.0990627825, NaN)
Error: intersection tid1 null, tid2 bd6c1f3b-c026-450e-8b3c-6217632204db, coord (2614905.227371031, 1226654.7174075018, NaN)
Error: intersection tid1 null, tid2 bd6c1f3b-c026-450e-8b3c-6217632204db, coord (2614904.822062227, 1226654.9080888866, NaN)
Error: intersection tid1 null, tid2 bd6c1f3b-c026-450e-8b3c-6217632204db, coord (2614905.6256493423, 1226654.5157792252, NaN)
Error: intersection tid1 null, tid2 bd6c1f3b-c026-450e-8b3c-6217632204db, coord (2614905.342669171, 1226654.6604135348, NaN)
Error: intersection tid1 null, tid2 bd6c1f3b-c026-450e-8b3c-6217632204db, coord (2614905.780991064, 1226654.434090906, NaN)
Error: intersection tid1 null, tid2 bd6c1f3b-c026-450e-8b3c-6217632204db, coord (2614914.077148541, 1226650.9273614022, NaN)
Error: intersection tid1 null, tid2 bd6c1f3b-c026-450e-8b3c-6217632204db, coord (2614914.2200441305, 1226650.8682647815, NaN)
Error: intersection tid1 null, tid2 bd6c1f3b-c026-450e-8b3c-6217632204db, coord (2614914.192445863, 1226650.879152865, NaN)
Error: intersection tid1 null, tid2 bd6c1f3b-c026-450e-8b3c-6217632204db, coord (2614916.140508954, 1226650.3113029734, NaN)
Error: intersection tid1 null, tid2 bd6c1f3b-c026-450e-8b3c-6217632204db, coord (2614917.1563150147, 1226650.1822599987, NaN)
Error: intersection tid1 null, tid2 bd6c1f3b-c026-450e-8b3c-6217632204db, coord (2614917.17432385, 1226650.1807898898, NaN)
Error: intersection tid1 null, tid2 bd6c1f3b-c026-450e-8b3c-6217632204db, coord (2614917.953, 1226650.158, NaN)
Error: intersection tid1 null, tid2 bd6c1f3b-c026-450e-8b3c-6217632204db, coord (2614918.7127221827, 1226650.1973330465, NaN)
Error: intersection tid1 null, tid2 bd6c1f3b-c026-450e-8b3c-6217632204db, coord (2614919.104615722, 1226650.2406943233, NaN)
Error: intersection tid1 null, tid2 bd6c1f3b-c026-450e-8b3c-6217632204db, coord (2614918.749347086, 1226650.2005096963, NaN)
Error: intersection tid1 null, tid2 bd6c1f3b-c026-450e-8b3c-6217632204db, coord (2614919.6119643063, 1226649.81023966, NaN)
Error: intersection tid1 null, tid2 bd6c1f3b-c026-450e-8b3c-6217632204db, coord (2614920.010507046, 1226649.885394367, NaN)
Error: intersection tid1 null, tid2 bd6c1f3b-c026-450e-8b3c-6217632204db, coord (2614919.6254712637, 1226649.8126015326, NaN)
Error: intersection tid1 null, tid2 bd6c1f3b-c026-450e-8b3c-6217632204db, coord (2614920.0303999954, 1226649.8896571419, NaN)
Error: intersection tid1 null, tid2 bd6c1f3b-c026-450e-8b3c-6217632204db, coord (2614921.5520425495, 1226650.3347872326, NaN)
Error: intersection tid1 null, tid2 bd6c1f3b-c026-450e-8b3c-6217632204db, coord (2614921.633032079, 1226650.3658916627, NaN)
Error: intersection tid1 null, tid2 bd6c1f3b-c026-450e-8b3c-6217632204db, coord (2614922.3288440327, 1226650.6634495393, NaN)
Error: intersection tid1 null, tid2 bd6c1f3b-c026-450e-8b3c-6217632204db, coord (2614922.351606939, 1226650.6742890186, NaN)
Error: intersection tid1 null, tid2 bd6c1f3b-c026-450e-8b3c-6217632204db, coord (2614923.0399905974, 1226651.0332539196, NaN)
Error: intersection tid1 null, tid2 bd6c1f3b-c026-450e-8b3c-6217632204db, coord (2614923.0957410387, 1226651.0652773764, NaN)
Error: intersection tid1 null, tid2 bd6c1f3b-c026-450e-8b3c-6217632204db, coord (2614924.9257360054, 1226652.5719201223, NaN)
Error: intersection tid1 null, tid2 bd6c1f3b-c026-450e-8b3c-6217632204db, coord (2614924.7157241185, 1226652.2814137659, NaN)
Error: intersection tid1 null, tid2 bd6c1f3b-c026-450e-8b3c-6217632204db, coord (2614925.2585217445, 1226653.0112173986, NaN)
Error: intersection tid1 null, tid2 bd6c1f3b-c026-450e-8b3c-6217632204db, coord (2614925.035964483, 1226652.7194200996, NaN)
Error: intersection tid1 null, tid2 bd6c1f3b-c026-450e-8b3c-6217632204db, coord (2614925.627089237, 1226653.47288478, NaN)
Error: intersection tid1 null, tid2 bd6c1f3b-c026-450e-8b3c-6217632204db, coord (2614925.3679691628, 1226653.151770925, NaN)
Error: intersection tid1 null, tid2 bd6c1f3b-c026-450e-8b3c-6217632204db, coord (2614926.04421739, 1226653.9663975143, NaN)
Error: intersection tid1 null, tid2 bd6c1f3b-c026-450e-8b3c-6217632204db, coord (2614925.718999993, 1226653.585428563, NaN)
Error: intersection tid1 null, tid2 bd6c1f3b-c026-450e-8b3c-6217632204db, coord (2614926.408888889, 1226654.3739876547, NaN)
Error: intersection tid1 null, tid2 bd6c1f3b-c026-450e-8b3c-6217632204db, coord (2614926.198906982, 1226654.1406744246, NaN)
Error: intersection tid1 null, tid2 bd6c1f3b-c026-450e-8b3c-6217632204db, coord (2614926.8392180367, 1226654.8306619949, NaN)
Error: intersection tid1 null, tid2 bd6c1f3b-c026-450e-8b3c-6217632204db, coord (2614926.5451306263, 1226654.5214747419, NaN)
Error: intersection tid1 null, tid2 bd6c1f3b-c026-450e-8b3c-6217632204db, coord (2614926.911172429, 1226654.9050668462, NaN)
Error: intersection tid1 null, tid2 bd6c1f3b-c026-450e-8b3c-6217632204db, coord (2614927.736302597, 1226655.7045084848, NaN)
Error: intersection tid1 null, tid2 bd6c1f3b-c026-450e-8b3c-6217632204db, coord (2614928.0957931043, 1226656.0274876857, NaN)
Error: intersection tid1 null, tid2 bd6c1f3b-c026-450e-8b3c-6217632204db, coord (2614927.7509999885, 1226655.7178775407, NaN)
Error: intersection tid1 null, tid2 bd6c1f3b-c026-450e-8b3c-6217632204db, coord (2614928.540241282, 1226656.407729384, NaN)
Error: intersection tid1 null, tid2 bd6c1f3b-c026-450e-8b3c-6217632204db, coord (2614928.2510126997, 1226656.1631939604, NaN)
Error: intersection tid1 null, tid2 bd6c1f3b-c026-450e-8b3c-6217632204db, coord (2614928.66545031, 1226656.5121874777, NaN)
Error: intersection tid1 null, tid2 bd6c1f3b-c026-450e-8b3c-6217632204db, coord (2614929.4969947482, 1226657.1613490793, NaN)
Error: intersection tid1 null, tid2 bd6c1f3b-c026-450e-8b3c-6217632204db, coord (2614929.7262289086, 1226657.3299036094, NaN)
Error: intersection tid1 null, tid2 bd6c1f3b-c026-450e-8b3c-6217632204db, coord (2614930.045408786, 1226657.556350384, NaN)
Error: intersection tid1 null, tid2 bd6c1f3b-c026-450e-8b3c-6217632204db, coord (2614930.052696169, 1226657.5614707293, NaN)
Error: intersection tid1 null, tid2 bd6c1f3b-c026-450e-8b3c-6217632204db, coord (2614930.9926916994, 1226658.1804782609, NaN)
Error: intersection tid1 null, tid2 bd6c1f3b-c026-450e-8b3c-6217632204db, coord (2614931.4899009075, 1226658.4803885596, NaN)
Error: intersection tid1 null, tid2 bd6c1f3b-c026-450e-8b3c-6217632204db, coord (2614931.15874312, 1226658.281954129, NaN)
Error: intersection tid1 null, tid2 bd6c1f3b-c026-450e-8b3c-6217632204db, coord (2614932.0450586327, 1226658.7956260894, NaN)
Error: intersection tid1 null, tid2 bd6c1f3b-c026-450e-8b3c-6217632204db, coord (2614931.599888231, 1226658.5445706884, NaN)
Error: intersection tid1 null, tid2 bd6c1f3b-c026-450e-8b3c-6217632204db, coord (2614932.5236703986, 1226659.0502793335, NaN)
Error: intersection tid1 null, tid2 bd6c1f3b-c026-450e-8b3c-6217632204db, coord (2614932.076059626, 1226658.8128064428, NaN)
Error: intersection tid1 null, tid2 bd6c1f3b-c026-450e-8b3c-6217632204db, coord (2614933.0454224865, 1226659.3110717777, NaN)
Error: intersection tid1 null, tid2 bd6c1f3b-c026-450e-8b3c-6217632204db, coord (2614932.754823469, 1226659.1671404375, NaN)
Error: intersection tid1 null, tid2 bd6c1f3b-c026-450e-8b3c-6217632204db, coord (2614933.578896317, 1226659.5596139159, NaN)
Error: intersection tid1 null, tid2 bd6c1f3b-c026-450e-8b3c-6217632204db, coord (2614933.2335282518, 1226659.4004107926, NaN)
Error: intersection tid1 null, tid2 bd6c1f3b-c026-450e-8b3c-6217632204db, coord (2614934.1913000992, 1226659.8251178407, NaN)
Error: intersection tid1 null, tid2 bd6c1f3b-c026-450e-8b3c-6217632204db, coord (2614933.7155814474, 1226659.6208643278, NaN)
Error: intersection tid1 null, tid2 bd6c1f3b-c026-450e-8b3c-6217632204db, coord (2614934.6901886826, 1226660.0250754731, NaN)
Error: intersection tid1 null, tid2 bd6c1f3b-c026-450e-8b3c-6217632204db, coord (2614934.20813725, 1226659.8322549001, NaN)
Error: intersection tid1 null, tid2 bd6c1f3b-c026-450e-8b3c-6217632204db, coord (2614935.2378164595, 1226660.2278304447, NaN)
Error: intersection tid1 null, tid2 bd6c1f3b-c026-450e-8b3c-6217632204db, coord (2614934.924693559, 1226660.113149885, NaN)
Error: intersection tid1 null, tid2 bd6c1f3b-c026-450e-8b3c-6217632204db, coord (2614935.8029425335, 1226660.4201034498, NaN)
Error: intersection tid1 null, tid2 bd6c1f3b-c026-450e-8b3c-6217632204db, coord (2614935.383033453, 1226660.2788884745, NaN)
Error: intersection tid1 null, tid2 bd6c1f3b-c026-450e-8b3c-6217632204db, coord (2614935.914639682, 1226660.456493471, NaN)
Error: intersection tid1 null, tid2 null, coord (2614914.2912136363, 1226650.840186949, NaN)
Error: intersection tid1 null, tid2 null, coord (2614914.2200441305, 1226650.8682647815, NaN)
Error: intersection tid1 null, tid2 null, coord (2614914.7553170417, 1226650.6689381124, NaN)
Error: intersection tid1 null, tid2 null, coord (2614914.604890227, 1226650.7213842182, NaN)
Error: intersection tid1 null, tid2 null, coord (2614915.5018776963, 1226650.4488020733, NaN)
Error: intersection tid1 null, tid2 null, coord (2614915.3503862596, 1226650.4879740016, NaN)
Error: intersection tid1 null, tid2 null, coord (2614916.08714133, 1226650.3205287596, NaN)
Error: intersection tid1 null, tid2 null, coord (2614916.140508954, 1226650.3113029734, NaN)
Error: intersection tid1 null, tid2 null, coord (2615832.919939887, 1226322.755839261, NaN)
Error: intersection tid1 null, tid2 null, coord (2615832.8828333006, 1226322.686153447, NaN)
Error: intersection tid1 null, tid2 null, coord (2615833.3311747643, 1226323.5606990433, NaN)
Error: intersection tid1 null, tid2 null, coord (2615833.2112744194, 1226323.3256468815, NaN)
Error: intersection tid1 null, tid2 null, coord (2615834.352824889, 1226325.74337295, NaN)
Error: intersection tid1 null, tid2 null, coord (2615834.237184437, 1226325.4829416827, NaN)
Error: intersection tid1 null, tid2 null, coord (2615835.1352931033, 1226327.626775862, NaN)
Error: intersection tid1 null, tid2 null, coord (2615834.8541760026, 1226326.9261063505, NaN)
Error: intersection tid1 null, tid2 null, coord (2615835.586000096, 1226328.8307145527, NaN)
Error: intersection tid1 null, tid2 null, coord (2615835.5150371213, 1226328.6333856164, NaN)
Error: intersection tid1 null, tid2 null, coord (2615711.1932999813, 1226686.2916660495, NaN)
Error: intersection tid1 null, tid2 null, coord (2616013.1429561917, 1226240.8930480639, NaN)
Error: intersection tid1 null, tid2 null, coord (2616012.60732366, 1226241.2198981673, NaN)
Error: intersection tid1 null, tid2 null, coord (2616015.1551929074, 1226239.6893928272, NaN)
Error: intersection tid1 null, tid2 null, coord (2616016.374579178, 1226238.9569906117, NaN)
Error: intersection tid1 null, tid2 null, coord (2616015.5630946336, 1226239.446342576, NaN)
Error: intersection tid1 null, tid2 null, coord (2616016.762590095, 1226238.7193280887, NaN)
Error: intersection tid1 null, tid2 null, coord (2615911.6736086486, 1226322.404913148, NaN)
Error: intersection tid1 null, tid2 null, coord (2615912.2668062034, 1226321.348325579, NaN)
Error: intersection tid1 null, tid2 null, coord (2615912.4860714357, 1226321.0574714195, NaN)
Error: intersection tid1 null, tid2 null, coord (2615912.853639102, 1226320.6386315746, NaN)
Error: intersection tid1 null, tid2 null, coord (2615911.8376949206, 1226327.4233172017, NaN)
Error: intersection tid1 null, tid2 null, coord (2615911.877176379, 1226327.5005880562, NaN)
Error: intersection tid1 null, tid2 null, coord (2615911.4995000204, 1226326.6201875624, NaN)
Error: intersection tid1 null, tid2 null, coord (2615911.524777776, 1226326.6970740692, NaN)
Error: intersection tid1 null, tid2 null, coord (2615911.3859578515, 1226326.2419310242, NaN)
Error: intersection tid1 null, tid2 null, coord (2615911.425237439, 1226326.3877564934, NaN)
Error: intersection tid1 null, tid2 null, coord (2615911.270531628, 1226325.6994302701, NaN)
Error: intersection tid1 null, tid2 null, coord (2615911.287446155, 1226325.8040241841, NaN)
Error: intersection tid1 null, tid2 null, coord (2615911.231923077, 1226325.438043954, NaN)
Error: intersection tid1 null, tid2 null, coord (2615911.234645221, 1226325.4642931984, NaN)
Error: intersection tid1 null, tid2 null, coord (2615911.1953804973, 1226324.9710478107, NaN)
Error: intersection tid1 null, tid2 null, coord (2615911.2018909035, 1226325.0886180871, NaN)
Error: intersection tid1 null, tid2 null, coord (2615911.191266312, 1226324.68475766, NaN)
Error: intersection tid1 null, tid2 null, coord (2615911.191793651, 1226324.846650794, NaN)
Error: intersection tid1 null, tid2 null, coord (2615911.225102139, 1226324.0975724342, NaN)
Error: intersection tid1 null, tid2 null, coord (2615911.208476635, 1226324.2616822484, NaN)
Error: intersection tid1 null, tid2 null, coord (2615911.26714071, 1226323.7885792393, NaN)
Error: intersection tid1 null, tid2 null, coord (2615911.2422051732, 1226323.9498644124, NaN)
Error: intersection tid1 null, tid2 null, coord (2615911.332153843, 1226323.451153861, NaN)
Error: intersection tid1 null, tid2 null, coord (2615911.310000039, 1226323.556999812, NaN)
Error: intersection tid1 null, tid2 null, coord (2615911.414631582, 1226323.1236720541, NaN)
Error: intersection tid1 null, tid2 null, coord (2615911.3497410063, 1226323.3707553982, NaN)
Error: intersection tid1 null, tid2 null, coord (2615815.4298182027, 1226313.0900454589, NaN)
Error: intersection tid1 null, tid2 null, coord (2615815.1919999984, 1226313.0404999997, NaN)
Error: intersection tid1 null, tid2 null, coord (2615819.095016416, 1226314.0685245977, NaN)
Error: intersection tid1 null, tid2 null, coord (2615818.8677816656, 1226313.9957090423, NaN)
Error: intersection tid1 null, tid2 null, coord (2615458.5952928374, 1226257.876093235, NaN)
Error: intersection tid1 null, tid2 null, coord (2615406.897962291, 1226233.3318597206, NaN)
Error: intersection tid1 null, tid2 null, coord (2615398.132231707, 1226228.755, NaN)
Error: intersection tid1 null, tid2 null, coord (2615406.897962291, 1226233.3318597206, NaN)
Error: intersection tid1 null, tid2 null, coord (2615398.132231707, 1226228.755, NaN)
Error: intersection tid1 null, tid2 null, coord (2615458.5952928374, 1226257.876093235, NaN)
Error: intersection tid1 null, tid2 d13ee51d-2c13-4978-ac0b-89ab9d3be234, coord (2615086.7888651732, 1226544.9217826966, NaN)
Error: intersection tid1 null, tid2 null, coord (2614740.2483456517, 1226550.3818176405, NaN)
Error: intersection tid1 null, tid2 null, coord (2614740.7416196703, 1226550.4760738222, NaN)
Error: intersection tid1 null, tid2 null, coord (2614739.4973826334, 1226550.2505217432, NaN)
Error: intersection tid1 null, tid2 null, coord (2614739.9826823343, 1226550.333557814, NaN)
Error: intersection tid1 null, tid2 null, coord (2614738.6345428587, 1226550.1170285717, NaN)
Error: intersection tid1 null, tid2 null, coord (2614739.232446763, 1226550.2069787167, NaN)
Error: intersection tid1 null, tid2 null, coord (2614737.906247696, 1226550.021026816, NaN)
Error: intersection tid1 null, tid2 null, coord (2614738.334155557, 1226550.076066667, NaN)
Error: intersection tid1 null, tid2 null, coord (2614736.9685323564, 1226549.9152277827, NaN)
Error: intersection tid1 null, tid2 null, coord (2614737.6532082004, 1226549.990060444, NaN)
Error: intersection tid1 null, tid2 null, coord (2614736.3018319737, 1226549.854439024, NaN)
Error: intersection tid1 null, tid2 null, coord (2614736.818750874, 1226549.9011368419, NaN)
Error: intersection tid1 null, tid2 null, coord (2614735.5648147454, 1226549.8002190613, NaN)
Error: intersection tid1 null, tid2 null, coord (2614735.9352835594, 1226549.8257526264, NaN)
Error: intersection tid1 null, tid2 null, coord (2614734.660106597, 1226549.7516184696, NaN)
Error: intersection tid1 null, tid2 null, coord (2614735.307759606, 1226549.7832310696, NaN)
Error: intersection tid1 null, tid2 null, coord (2614733.892701642, 1226549.727222951, NaN)
Error: intersection tid1 null, tid2 null, coord (2614734.3596754433, 1226549.7406652507, NaN)
Error: intersection tid1 null, tid2 null, coord (2614732.956176991, 1226549.7160890487, NaN)
Error: intersection tid1 null, tid2 null, coord (2614733.649448277, 1226549.7221551724, NaN)
Error: intersection tid1 null, tid2 null, coord (2614732.1967668617, 1226549.7244288728, NaN)
Error: intersection tid1 null, tid2 null, coord (2614732.9089032277, 1226549.7164173387, NaN)
Error: intersection tid1 null, tid2 null, coord (2614731.3736210475, 1226549.7491368423, NaN)
Error: intersection tid1 null, tid2 null, coord (2614732.0798000116, 1226549.7270687497, NaN)
Error: intersection tid1 null, tid2 null, coord (2614731.3364742673, 1226549.750488805, NaN)
Error: intersection tid1 null, tid2 null, coord (2614729.8741901843, 1226549.8382147239, NaN)
Error: intersection tid1 null, tid2 null, coord (2614729.640096943, 1226549.8569748094, NaN)
Error: intersection tid1 null, tid2 null, coord (2614728.235795853, 1226550.000178829, NaN)
Error: intersection tid1 null, tid2 null, coord (2614727.470689248, 1226550.0990079674, NaN)
Error: intersection tid1 null, tid2 null, coord (2614728.0633072015, 1226550.0212875803, NaN)
Error: intersection tid1 null, tid2 null, coord (2614727.3114024512, 1226550.1210458954, NaN)
Error: intersection tid1 null, tid2 null, coord (2614725.8598716627, 1226550.3570779872, NaN)
Error: intersection tid1 null, tid2 null, coord (2614725.728286742, 1226550.3809814209, NaN)
Error: intersection tid1 null, tid2 null, coord (2614724.311671936, 1226550.6688081569, NaN)
Error: intersection tid1 null, tid2 null, coord (2614723.4749769103, 1226550.8644913218, NaN)
Error: intersection tid1 null, tid2 null, coord (2614724.071416158, 1226550.72343114, NaN)
Error: intersection tid1 null, tid2 null, coord (2614723.4198524416, 1226550.8778786927, NaN)
Error: intersection tid1 null, tid2 null, coord (2614721.9020705703, 1226551.2834705934, NaN)
Error: intersection tid1 null, tid2 null, coord (2614722.6088347766, 1226551.0863832983, NaN)
Error: intersection tid1 null, tid2 null, coord (2614721.16038179, 1226551.504734772, NaN)
Error: intersection tid1 null, tid2 null, coord (2614721.883750139, 1226551.2887616926, NaN)
Error: intersection tid1 null, tid2 null, coord (2614720.370192374, 1226551.7583283423, NaN)
Error: intersection tid1 null, tid2 null, coord (2614721.113222603, 1226551.5191136166, NaN)
Error: intersection tid1 null, tid2 null, coord (2614719.670719738, 1226551.998458214, NaN)
Error: intersection tid1 null, tid2 null, coord (2614720.354414402, 1226551.7636357404, NaN)
Error: intersection tid1 null, tid2 null, coord (2614718.875972637, 1226552.2880526294, NaN)
Error: intersection tid1 null, tid2 null, coord (2614719.557523671, 1226552.0384833429, NaN)
Error: intersection tid1 null, tid2 null, coord (2614718.160184073, 1226552.5662437838, NaN)
Error: intersection tid1 null, tid2 null, coord (2614718.805407199, 1226552.3150831035, NaN)
Error: intersection tid1 null, tid2 null, coord (2614717.4545709705, 1226552.85596737, NaN)
Error: intersection tid1 null, tid2 null, coord (2614718.0529816034, 1226552.60932515, NaN)
Error: intersection tid1 null, tid2 null, coord (2614717.333200119, 1226552.9069385563, NaN)
Error: intersection tid1 null, tid2 null, coord (2614715.9488838464, 1226553.527054739, NaN)
Error: intersection tid1 null, tid2 null, coord (2614715.879544484, 1226553.55973191, NaN)
Error: intersection tid1 null, tid2 null, coord (2614714.5251185, 1226554.2325203149, NaN)
Error: intersection tid1 null, tid2 null, coord (2614713.8744269675, 1226554.578838574, NaN)
Error: intersection tid1 null, tid2 null, coord (2614714.4154824666, 1226554.289918003, NaN)
Error: intersection tid1 null, tid2 null, coord (2614713.714588511, 1226554.665851225, NaN)
Error: intersection tid1 null, tid2 null, coord (2614712.4214938274, 1226555.4091666664, NaN)
Error: intersection tid1 null, tid2 null, coord (2614712.3475297852, 1226555.4536349266, NaN)
Error: intersection tid1 null, tid2 null, coord (2614711.0952497753, 1226556.239757945, NaN)
Error: intersection tid1 null, tid2 null, coord (2614710.4221774694, 1226556.689938025, NaN)
Error: intersection tid1 null, tid2 null, coord (2614710.91410134, 1226556.3595192805, NaN)
Error: intersection tid1 null, tid2 null, coord (2614710.342322477, 1226556.744293104, NaN)
Error: intersection tid1 null, tid2 null, coord (2614709.084210999, 1226557.644694131, NaN)
Error: intersection tid1 null, tid2 null, coord (2614708.4536009254, 1226558.124269311, NaN)
Error: intersection tid1 null, tid2 null, coord (2614709.032579029, 1226557.6834461086, NaN)
Error: intersection tid1 null, tid2 null, coord (2614707.830656243, 1226558.6180428867, NaN)
Error: intersection tid1 null, tid2 null, coord (2614708.4226579764, 1226558.148035121, NaN)
Error: intersection tid1 null, tid2 null, coord (2614707.280275021, 1226559.0720741313, NaN)
Error: intersection tid1 null, tid2 null, coord (2614707.7441357877, 1226558.6886559937, NaN)
Error: intersection tid1 null, tid2 null, coord (2614707.0964339785, 1226559.2271509294, NaN)
Error: intersection tid1 null, tid2 null, coord (2614906.998488778, 1226610.8486386815, NaN)
Error: intersection tid1 null, tid2 null, coord (2614907.25072508, 1226610.870788122, NaN)
Error: intersection tid1 null, tid2 null, coord (2614902.341086434, 1226609.7124373177, NaN)
Error: intersection tid1 null, tid2 null, coord (2614902.62504993, 1226609.7637248423, NaN)
Error: intersection tid1 null, tid2 null, coord (2614897.330372, 1226608.6509166935, NaN)
Error: intersection tid1 null, tid2 null, coord (2614897.437703813, 1226608.6761765257, NaN)
Error: intersection tid1 null, tid2 null, coord (2614892.6612199806, 1226607.8775799938, NaN)
Error: intersection tid1 null, tid2 null, coord (2614892.6803474785, 1226607.8835711267, NaN)
Error: intersection tid1 null, tid2 null, coord (2614888.520793823, 1226606.4899927531, NaN)
Error: intersection tid1 null, tid2 null, coord (2614888.6336195907, 1226606.5303746376, NaN)
Error: intersection tid1 null, tid2 null, coord (2614886.564710133, 1226605.7535734505, NaN)
Error: intersection tid1 null, tid2 null, coord (2614886.4929201114, 1226605.7255772308, NaN)
Error: intersection tid1 null, tid2 null, coord (2614884.3741355715, 1226604.8617299872, NaN)
Error: intersection tid1 null, tid2 null, coord (2614884.6703079557, 1226604.9860190412, NaN)
Error: intersection tid1 null, tid2 null, coord (2614882.3752055485, 1226603.9878547876, NaN)
Error: intersection tid1 null, tid2 null, coord (2614882.6334952186, 1226604.1046257454, NaN)
Error: intersection tid1 null, tid2 null, coord (2614880.393978565, 1226603.062192975, NaN)
Error: intersection tid1 null, tid2 null, coord (2614880.629181052, 1226603.1764721496, NaN)
Error: intersection tid1 null, tid2 null, coord (2614904.815688917, 1226621.1692113513, NaN)
Error: intersection tid1 null, tid2 null, coord (2614901.083730542, 1226620.617659059, NaN)
Error: intersection tid1 null, tid2 null, coord (2614902.450052165, 1226620.8344347812, NaN)
Error: intersection tid1 null, tid2 null, coord (2614899.6499775746, 1226620.3721542037, NaN)
Error: intersection tid1 null, tid2 null, coord (2614899.586023455, 1226620.3605175815, NaN)
Error: intersection tid1 null, tid2 null, coord (2614901.083730542, 1226620.617659059, NaN)
Error: intersection tid1 null, tid2 null, coord (2615585.026467854, 1226392.73929302, NaN)
Error: intersection tid1 null, tid2 null, coord (2615585.026467854, 1226392.73929302, NaN)
Error: intersection tid1 null, tid2 d13ee51d-2c13-4978-ac0b-89ab9d3be234, coord (2614788.6839850293, 1226536.6031828802, NaN)
Error: intersection tid1 null, tid2 d13ee51d-2c13-4978-ac0b-89ab9d3be234, coord (2615360.3981912285, 1226305.727274019, NaN)
Error: intersection tid1 null, tid2 bbd8148b-faf3-4c3d-b593-887638bb3268, coord (2616326.197602246, 1226005.6641973255, NaN)
Error: intersection tid1 null, tid2 null, coord (2615711.1932999813, 1226686.2916660495, NaN)
Error: intersection tid1 null, tid2 bbd8148b-faf3-4c3d-b593-887638bb3268, coord (2615527.7671282007, 1224937.4610828299, NaN)
Error: intersection tid1 null, tid2 bbd8148b-faf3-4c3d-b593-887638bb3268, coord (2615932.8424543343, 1225286.9231801555, NaN)
Error: intersection tid1 null, tid2 null, coord (2615893.5097295935, 1226053.063039091, NaN)
Error: intersection tid1 null, tid2 null, coord (2615819.1769697038, 1226038.0420474603, NaN)
Error: intersection tid1 null, tid2 null, coord (2615819.1769679114, 1226038.0419911128, NaN)
Error: intersection tid1 null, tid2 null, coord (2615815.8659708295, 1226037.1250452371, NaN)
Error: intersection tid1 null, tid2 null, coord (2615819.1769697038, 1226038.0420474603, NaN)
Error: intersection tid1 null, tid2 null, coord (2615819.1764575494, 1226038.0428497652, NaN)
Error: intersection tid1 null, tid2 null, coord (2615819.1769679114, 1226038.0419911128, NaN)
Error: intersection tid1 null, tid2 null, coord (2615815.8659708295, 1226037.1250452371, NaN)
Error: intersection tid1 null, tid2 d13ee51d-2c13-4978-ac0b-89ab9d3be234, coord (2614788.6839850293, 1226536.6031828802, NaN)
Error: intersection tid1 null, tid2 null, coord (2615819.1769697038, 1226038.0420474603, NaN)
Error: intersection tid1 null, tid2 null, coord (2615819.1769697038, 1226038.0420474603, NaN)
Error: intersection tid1 null, tid2 null, coord (2615819.1764575494, 1226038.0428497652, NaN)
Error: intersection tid1 null, tid2 null, coord (2615837.6094058845, 1226850.978726566, NaN)
Error: intersection tid1 null, tid2 bbd8148b-faf3-4c3d-b593-887638bb3268, coord (2615604.2563178395, 1225539.6800556972, NaN)
Error: intersection tid1 null, tid2 bbd8148b-faf3-4c3d-b593-887638bb3268, coord (2615604.2803168474, 1225539.1760557569, NaN)
Error: intersection tid1 null, tid2 null, coord (2615900.316, 1226080.075, NaN), coord2 (2615900.267, 1226080.075, NaN)
Error: intersection tid1 null, tid2 null, coord (2615900.267, 1226080.075, NaN), coord2 (2615900.219, 1226080.075, NaN)
Error: intersection tid1 null, tid2 null, coord (2615899.506, 1226079.973, NaN), coord2 (2615899.46, 1226079.96, NaN)
Error: intersection tid1 null, tid2 null, coord (2615899.46, 1226079.96, NaN), coord2 (2615899.414, 1226079.947, NaN)
Error: intersection tid1 null, tid2 null, coord (2615899.3449999997, 1226079.9245, NaN)
Error: intersection tid1 null, tid2 null, coord (2615899.276, 1226079.902, NaN), coord2 (2615899.231, 1226079.885, NaN)
Error: intersection tid1 null, tid2 null, coord (2615899.231, 1226079.885, NaN), coord2 (2615899.186, 1226079.868, NaN)
Error: intersection tid1 null, tid2 null, coord (2615899.009, 1226079.792, NaN), coord2 (2615898.966, 1226079.771, NaN)
Error: intersection tid1 null, tid2 null, coord (2615898.966, 1226079.771, NaN), coord2 (2615898.923, 1226079.75, NaN)
Error: intersection tid1 null, tid2 null, coord (2615898.754, 1226079.657, NaN), coord2 (2615898.713, 1226079.632, NaN)
Error: intersection tid1 null, tid2 null, coord (2615898.713, 1226079.632, NaN), coord2 (2615898.672, 1226079.607, NaN)
Error: intersection tid1 null, tid2 null, coord (2615898.1659999997, 1226079.2009999994, NaN)
Error: intersection tid1 null, tid2 null, coord (2615898.034, 1226079.061, NaN)
Error: intersection tid1 null, tid2 null, coord (2615897.956, 1226078.97, NaN), coord2 (2615897.926, 1226078.932, NaN)
Error: intersection tid1 null, tid2 null, coord (2615897.926, 1226078.932, NaN), coord2 (2615897.896, 1226078.894, NaN)
Error: intersection tid1 null, tid2 bbd8148b-faf3-4c3d-b593-887638bb3268, coord (2616330.221437889, 1226002.8817413084, NaN)
Error: intersection tid1 null, tid2 d13ee51d-2c13-4978-ac0b-89ab9d3be234, coord (2614907.5074000154, 1226602.6776000222, NaN)
Error: intersection tid1 null, tid2 d13ee51d-2c13-4978-ac0b-89ab9d3be234, coord (2614907.59438078, 1226602.80520996, NaN)
Error: intersection tid1 null, tid2 d13ee51d-2c13-4978-ac0b-89ab9d3be234, coord (2614906.93838675, 1226601.8549242863, NaN)
Error: intersection tid1 null, tid2 d13ee51d-2c13-4978-ac0b-89ab9d3be234, coord (2614907.1224466315, 1226602.1154458749, NaN)
Error: intersection tid1 null, tid2 d13ee51d-2c13-4978-ac0b-89ab9d3be234, coord (2614906.440047778, 1226601.162680333, NaN)
Error: intersection tid1 null, tid2 d13ee51d-2c13-4978-ac0b-89ab9d3be234, coord (2614906.615019849, 1226601.401711217, NaN)
Error: intersection tid1 null, tid2 d13ee51d-2c13-4978-ac0b-89ab9d3be234, coord (2614905.906003087, 1226600.4476216645, NaN)
Error: intersection tid1 null, tid2 d13ee51d-2c13-4978-ac0b-89ab9d3be234, coord (2614906.113145896, 1226600.7212704471, NaN)
Error: intersection tid1 null, tid2 d13ee51d-2c13-4978-ac0b-89ab9d3be234, coord (2614905.3539183605, 1226599.7354228366, NaN)
Error: intersection tid1 null, tid2 d13ee51d-2c13-4978-ac0b-89ab9d3be234, coord (2614905.607684202, 1226600.0593684101, NaN)
Error: intersection tid1 null, tid2 d13ee51d-2c13-4978-ac0b-89ab9d3be234, coord (2614904.8493034537, 1226599.1064266714, NaN)
Error: intersection tid1 null, tid2 d13ee51d-2c13-4978-ac0b-89ab9d3be234, coord (2614905.0752802147, 1226599.3861228586, NaN)
Error: intersection tid1 null, tid2 d13ee51d-2c13-4978-ac0b-89ab9d3be234, coord (2614904.504185208, 1226598.6891307961, NaN)
Error: intersection tid1 null, tid2 d13ee51d-2c13-4978-ac0b-89ab9d3be234, coord (2614903.7392808977, 1226597.7932682594, NaN)
Error: intersection tid1 null, tid2 d13ee51d-2c13-4978-ac0b-89ab9d3be234, coord (2614903.1772593954, 1226597.1624382867, NaN)
Error: intersection tid1 null, tid2 d13ee51d-2c13-4978-ac0b-89ab9d3be234, coord (2614903.2597111408, 1226597.2546620907, NaN)
Error: intersection tid1 null, tid2 d13ee51d-2c13-4978-ac0b-89ab9d3be234, coord (2614901.958782198, 1226595.8657227922, NaN)
Error: intersection tid1 null, tid2 d13ee51d-2c13-4978-ac0b-89ab9d3be234, coord (2614901.96590007, 1226595.872940916, NaN)
Error: intersection tid1 null, tid2 d13ee51d-2c13-4978-ac0b-89ab9d3be234, coord (2614901.204587898, 1226595.109110599, NaN)
Error: intersection tid1 null, tid2 d13ee51d-2c13-4978-ac0b-89ab9d3be234, coord (2614901.3828695067, 1226595.2843077504, NaN)
Error: intersection tid1 null, tid2 d13ee51d-2c13-4978-ac0b-89ab9d3be234, coord (2614900.6097318465, 1226594.5330279355, NaN)
Error: intersection tid1 null, tid2 d13ee51d-2c13-4978-ac0b-89ab9d3be234, coord (2614900.7489266084, 1226594.6655717534, NaN)
Error: intersection tid1 null, tid2 d13ee51d-2c13-4978-ac0b-89ab9d3be234, coord (2614900.1189150345, 1226594.0716601321, NaN)
Error: intersection tid1 null, tid2 d13ee51d-2c13-4978-ac0b-89ab9d3be234, coord (2614899.0161507586, 1226593.0818544556, NaN)
Error: intersection tid1 null, tid2 d13ee51d-2c13-4978-ac0b-89ab9d3be234, coord (2614898.276936716, 1226592.4514344677, NaN)
Error: intersection tid1 null, tid2 d13ee51d-2c13-4978-ac0b-89ab9d3be234, coord (2614898.5805991474, 1226592.7095078914, NaN)
Error: intersection tid1 null, tid2 d13ee51d-2c13-4978-ac0b-89ab9d3be234, coord (2614897.5466902857, 1226591.8522310937, NaN)
Error: intersection tid1 null, tid2 d13ee51d-2c13-4978-ac0b-89ab9d3be234, coord (2614897.832414935, 1226592.0855056467, NaN)
Error: intersection tid1 null, tid2 d13ee51d-2c13-4978-ac0b-89ab9d3be234, coord (2614897.126255657, 1226591.5175275484, NaN)
Error: intersection tid1 null, tid2 d13ee51d-2c13-4978-ac0b-89ab9d3be234, coord (2614895.9548954596, 1226590.6175749048, NaN)
Error: intersection tid1 null, tid2 d13ee51d-2c13-4978-ac0b-89ab9d3be234, coord (2614895.2532471945, 1226590.1036409496, NaN)
Error: intersection tid1 null, tid2 d13ee51d-2c13-4978-ac0b-89ab9d3be234, coord (2614895.636710539, 1226590.3823947464, NaN)
Error: intersection tid1 null, tid2 d13ee51d-2c13-4978-ac0b-89ab9d3be234, coord (2614894.4205916305, 1226589.5164807222, NaN)
Error: intersection tid1 null, tid2 d13ee51d-2c13-4978-ac0b-89ab9d3be234, coord (2614894.8260195195, 1226589.7985602478, NaN)
Error: intersection tid1 null, tid2 d13ee51d-2c13-4978-ac0b-89ab9d3be234, coord (2614894.06073223, 1226589.2692563594, NaN)
Error: intersection tid1 null, tid2 d13ee51d-2c13-4978-ac0b-89ab9d3be234, coord (2614874.5628387365, 1226577.5885555176, NaN)
Error: intersection tid1 null, tid2 d13ee51d-2c13-4978-ac0b-89ab9d3be234, coord (2614874.764587413, 1226577.7046136234, NaN)
Error: intersection tid1 null, tid2 d13ee51d-2c13-4978-ac0b-89ab9d3be234, coord (2614873.9893019404, 1226577.2637645437, NaN)
Error: intersection tid1 null, tid2 d13ee51d-2c13-4978-ac0b-89ab9d3be234, coord (2614873.0335310176, 1226576.7414888158, NaN)
Error: intersection tid1 null, tid2 d13ee51d-2c13-4978-ac0b-89ab9d3be234, coord (2614871.425782629, 1226575.9203913142, NaN)
Error: intersection tid1 null, tid2 d13ee51d-2c13-4978-ac0b-89ab9d3be234, coord (2614855.9853178444, 1226568.2395207137, NaN)
Error: intersection tid1 null, tid2 d13ee51d-2c13-4978-ac0b-89ab9d3be234, coord (2614856.043036301, 1226568.264426623, NaN)
Error: intersection tid1 null, tid2 d13ee51d-2c13-4978-ac0b-89ab9d3be234, coord (2614855.652682711, 1226568.106169341, NaN)
Error: intersection tid1 null, tid2 d13ee51d-2c13-4978-ac0b-89ab9d3be234, coord (2614855.7155076396, 1226568.1297813947, NaN)
Error: intersection tid1 null, tid2 d13ee51d-2c13-4978-ac0b-89ab9d3be234, coord (2614855.3464684426, 1226567.9984001466, NaN)
Error: intersection tid1 null, tid2 d13ee51d-2c13-4978-ac0b-89ab9d3be234, coord (2614855.3651574296, 1226568.004588553, NaN)
Error: intersection tid1 null, tid2 d13ee51d-2c13-4978-ac0b-89ab9d3be234, coord (2614855.007451818, 1226567.8955781579, NaN)
Error: intersection tid1 null, tid2 d13ee51d-2c13-4978-ac0b-89ab9d3be234, coord (2614855.039418372, 1226567.9048316341, NaN)
Error: intersection tid1 null, tid2 d13ee51d-2c13-4978-ac0b-89ab9d3be234, coord (2614854.3202625513, 1226567.7379189194, NaN)
Error: intersection tid1 null, tid2 d13ee51d-2c13-4978-ac0b-89ab9d3be234, coord (2614854.3315778347, 1226567.7399498678, NaN)
Error: intersection tid1 null, tid2 d13ee51d-2c13-4978-ac0b-89ab9d3be234, coord (2614853.6223389744, 1226567.6417510917, NaN)
Error: intersection tid1 null, tid2 d13ee51d-2c13-4978-ac0b-89ab9d3be234, coord (2614853.6335400217, 1226567.6428782411, NaN)
Error: intersection tid1 null, tid2 d13ee51d-2c13-4978-ac0b-89ab9d3be234, coord (2614852.9045751602, 1226567.609348584, NaN)
Error: intersection tid1 null, tid2 d13ee51d-2c13-4978-ac0b-89ab9d3be234, coord (2614852.927914799, 1226567.6092017938, NaN)
Error: intersection tid1 null, tid2 d13ee51d-2c13-4978-ac0b-89ab9d3be234, coord (2614852.54962985, 1226567.6180666105, NaN)
Error: intersection tid1 null, tid2 d13ee51d-2c13-4978-ac0b-89ab9d3be234, coord (2614852.582144277, 1226567.6166351577, NaN)
Error: intersection tid1 null, tid2 d13ee51d-2c13-4978-ac0b-89ab9d3be234, coord (2614852.2080672584, 1226567.6405605387, NaN)
Error: intersection tid1 null, tid2 d13ee51d-2c13-4978-ac0b-89ab9d3be234, coord (2614852.2224688954, 1226567.6393830464, NaN)
Error: intersection tid1 null, tid2 d13ee51d-2c13-4978-ac0b-89ab9d3be234, coord (2614851.528306287, 1226567.7324302415, NaN)
Error: intersection tid1 null, tid2 d13ee51d-2c13-4978-ac0b-89ab9d3be234, coord (2614851.132117859, 1226567.8143403681, NaN)
Error: intersection tid1 null, tid2 d13ee51d-2c13-4978-ac0b-89ab9d3be234, coord (2614851.20341803, 1226567.7977803287, NaN)
Error: intersection tid1 null, tid2 d13ee51d-2c13-4978-ac0b-89ab9d3be234, coord (2614850.8150816313, 1226567.895081633, NaN)
Error: intersection tid1 null, tid2 d13ee51d-2c13-4978-ac0b-89ab9d3be234, coord (2614850.827009042, 1226567.891729485, NaN)
Error: intersection tid1 null, tid2 d13ee51d-2c13-4978-ac0b-89ab9d3be234, coord (2614850.4814171134, 1226567.9955561494, NaN)
Error: intersection tid1 null, tid2 d13ee51d-2c13-4978-ac0b-89ab9d3be234, coord (2614850.486117239, 1226567.9940620698, NaN)
Error: intersection tid1 null, tid2 d13ee51d-2c13-4978-ac0b-89ab9d3be234, coord (2614850.144957858, 1226568.114022987, NaN)
Error: intersection tid1 null, tid2 d13ee51d-2c13-4978-ac0b-89ab9d3be234, coord (2614850.152399998, 1226568.1111567575, NaN)
Error: intersection tid1 null, tid2 d13ee51d-2c13-4978-ac0b-89ab9d3be234, coord (2614849.778510893, 1226568.2634576282, NaN)
Error: intersection tid1 null, tid2 d13ee51d-2c13-4978-ac0b-89ab9d3be234, coord (2614849.8580831606, 1226568.2291216499, NaN)
Error: intersection tid1 null, tid2 d13ee51d-2c13-4978-ac0b-89ab9d3be234, coord (2614849.490120971, 1226568.3960806436, NaN)
Error: intersection tid1 null, tid2 d13ee51d-2c13-4978-ac0b-89ab9d3be234, coord (2614849.507753621, 1226568.3874492764, NaN)
Error: intersection tid1 null, tid2 d13ee51d-2c13-4978-ac0b-89ab9d3be234, coord (2614848.8753329935, 1226568.7290537264, NaN)
Error: intersection tid1 null, tid2 d13ee51d-2c13-4978-ac0b-89ab9d3be234, coord (2614848.882094743, 1226568.7251052593, NaN)
Error: intersection tid1 null, tid2 d13ee51d-2c13-4978-ac0b-89ab9d3be234, coord (2614848.5447647064, 1226568.9402647056, NaN)
Error: intersection tid1 null, tid2 d13ee51d-2c13-4978-ac0b-89ab9d3be234, coord (2614848.5983169, 1226568.9041575447, NaN)
Error: intersection tid1 null, tid2 d13ee51d-2c13-4978-ac0b-89ab9d3be234, coord (2614848.0054241274, 1226569.336330737, NaN)
Error: intersection tid1 null, tid2 d13ee51d-2c13-4978-ac0b-89ab9d3be234, coord (2614848.0091820504, 1226569.33333046, NaN)
Error: intersection tid1 null, tid2 d13ee51d-2c13-4978-ac0b-89ab9d3be234, coord (2614847.200876291, 1226570.082577317, NaN)
Error: intersection tid1 null, tid2 d13ee51d-2c13-4978-ac0b-89ab9d3be234, coord (2614847.2348513505, 1226570.0460855865, NaN)
Error: intersection tid1 null, tid2 null, coord (2615837.6094058845, 1226850.978726566, NaN)
Error: intersection tid1 null, tid2 bbd8148b-faf3-4c3d-b593-887638bb3268, coord (2615667.871064056, 1225601.009817776, NaN)
Error: intersection tid1 null, tid2 null, coord (2616016.8411631268, 1226238.6712009248, NaN)
Error: intersection tid1 null, tid2 null, coord (2616180.4619195806, 1226333.2168603868, NaN)
Error: intersection tid1 null, tid2 bbd8148b-faf3-4c3d-b593-887638bb3268, coord (2615775.954, 1225611.279, NaN)
Error: intersection tid1 null, tid2 bbd8148b-faf3-4c3d-b593-887638bb3268, coord (2615775.954, 1225611.279, NaN), coord2 (2615770.934, 1225611.279, NaN)
Error: intersection tid1 null, tid2 null, coord (2615893.5097295935, 1226053.063039091, NaN)
Error: intersection tid1 null, tid2 null, coord (2616180.4619195806, 1226333.2168603868, NaN)
Error: intersection tid1 null, tid2 null, coord (2616336.113494839, 1226273.4155368719, NaN)
Error: intersection tid1 null, tid2 null, coord (2615456.744511868, 1226117.9404538383, NaN)
Error: intersection tid1 null, tid2 null, coord (2615459.205504574, 1226120.1224631371, NaN)
Error: intersection tid1 null, tid2 d13ee51d-2c13-4978-ac0b-89ab9d3be234, coord (2614791.0017379904, 1226537.5342027259, NaN)
Error: intersection tid1 null, tid2 d13ee51d-2c13-4978-ac0b-89ab9d3be234, coord (2614788.6839850293, 1226536.6031828802, NaN)
Error: intersection tid1 null, tid2 d13ee51d-2c13-4978-ac0b-89ab9d3be234, coord (2614836.7549578208, 1226570.5989700875, NaN)
Error: intersection tid1 null, tid2 d13ee51d-2c13-4978-ac0b-89ab9d3be234, coord (2614836.8396851956, 1226570.452481169, NaN)
Error: intersection tid1 null, tid2 bbd8148b-faf3-4c3d-b593-887638bb3268, coord (2616360.800591461, 1226045.5135522757, NaN)
Error: intersection tid1 null, tid2 null, coord (2616086.228625508, 1226386.7563706676, NaN)
Error: intersection tid1 null, tid2 d13ee51d-2c13-4978-ac0b-89ab9d3be234, coord (2614791.0017379904, 1226537.5342027259, NaN)
Error: intersection tid1 null, tid2 d13ee51d-2c13-4978-ac0b-89ab9d3be234, coord (2614840.7866600426, 1226566.254617335, NaN)
Error: intersection tid1 null, tid2 d13ee51d-2c13-4978-ac0b-89ab9d3be234, coord (2614840.7680076906, 1226566.3093901156, NaN)
Error: intersection tid1 null, tid2 d13ee51d-2c13-4978-ac0b-89ab9d3be234, coord (2614840.8900433304, 1226565.910506678, NaN)
Error: intersection tid1 null, tid2 d13ee51d-2c13-4978-ac0b-89ab9d3be234, coord (2614840.8784858654, 1226565.9515029672, NaN)
Error: intersection tid1 null, tid2 d13ee51d-2c13-4978-ac0b-89ab9d3be234, coord (2614840.985029411, 1226565.5326911805, NaN)
Error: intersection tid1 null, tid2 d13ee51d-2c13-4978-ac0b-89ab9d3be234, coord (2614840.961457725, 1226565.6344780049, NaN)
Error: intersection tid1 null, tid2 d13ee51d-2c13-4978-ac0b-89ab9d3be234, coord (2614841.0524369176, 1226565.1983621411, NaN)
Error: intersection tid1 null, tid2 d13ee51d-2c13-4978-ac0b-89ab9d3be234, coord (2614841.0399160828, 1226565.2674056012, NaN)
Error: intersection tid1 null, tid2 d13ee51d-2c13-4978-ac0b-89ab9d3be234, coord (2614841.1033166074, 1226564.8842740883, NaN)
Error: intersection tid1 null, tid2 d13ee51d-2c13-4978-ac0b-89ab9d3be234, coord (2614841.1029134383, 1226564.8875330384, NaN)
Error: intersection tid1 null, tid2 d13ee51d-2c13-4978-ac0b-89ab9d3be234, coord (2614841.144290697, 1226564.5298721013, NaN)
Error: intersection tid1 null, tid2 d13ee51d-2c13-4978-ac0b-89ab9d3be234, coord (2614841.1418866017, 1226564.5521958435, NaN)
Error: intersection tid1 null, tid2 d13ee51d-2c13-4978-ac0b-89ab9d3be234, coord (2614841.169802229, 1226564.147356541, NaN)
Error: intersection tid1 null, tid2 d13ee51d-2c13-4978-ac0b-89ab9d3be234, coord (2614841.1659811316, 1226564.2218679357, NaN)
Error: intersection tid1 null, tid2 d13ee51d-2c13-4978-ac0b-89ab9d3be234, coord (2614841.177627315, 1226563.8050463004, NaN)
Error: intersection tid1 null, tid2 d13ee51d-2c13-4978-ac0b-89ab9d3be234, coord (2614841.1774123493, 1226563.8471795525, NaN)
Error: intersection tid1 null, tid2 d13ee51d-2c13-4978-ac0b-89ab9d3be234, coord (2614841.1704219347, 1226563.459077685, NaN)
Error: intersection tid1 null, tid2 d13ee51d-2c13-4978-ac0b-89ab9d3be234, coord (2614841.171126092, 1226563.4744126634, NaN)
Error: intersection tid1 null, tid2 d13ee51d-2c13-4978-ac0b-89ab9d3be234, coord (2614841.146175947, 1226563.0964899817, NaN)
Error: intersection tid1 null, tid2 d13ee51d-2c13-4978-ac0b-89ab9d3be234, coord (2614841.148427434, 1226563.1195973437, NaN)
Error: intersection tid1 null, tid2 d13ee51d-2c13-4978-ac0b-89ab9d3be234, coord (2614841.0519787217, 1226562.3941489283, NaN)
Error: intersection tid1 null, tid2 d13ee51d-2c13-4978-ac0b-89ab9d3be234, coord (2614841.0590000027, 1226562.435000016, NaN)
Error: intersection tid1 null, tid2 d13ee51d-2c13-4978-ac0b-89ab9d3be234, coord (2614840.976052631, 1226562.028210525, NaN)
Error: intersection tid1 null, tid2 d13ee51d-2c13-4978-ac0b-89ab9d3be234, coord (2614840.991414248, 1226562.0964446843, NaN)
Error: intersection tid1 null, tid2 d13ee51d-2c13-4978-ac0b-89ab9d3be234, coord (2614840.8901105355, 1226561.6893632938, NaN)
Error: intersection tid1 null, tid2 d13ee51d-2c13-4978-ac0b-89ab9d3be234, coord (2614840.903578949, 1226561.7383157955, NaN)
Error: intersection tid1 null, tid2 d13ee51d-2c13-4978-ac0b-89ab9d3be234, coord (2614840.7814000025, 1226561.330200008, NaN)
Error: intersection tid1 null, tid2 d13ee51d-2c13-4978-ac0b-89ab9d3be234, coord (2614840.8023157883, 1226561.392947365, NaN)
Error: intersection tid1 null, tid2 d13ee51d-2c13-4978-ac0b-89ab9d3be234, coord (2614840.6785454536, 1226561.0353636337, NaN)
Error: intersection tid1 null, tid2 d13ee51d-2c13-4978-ac0b-89ab9d3be234, coord (2614840.6803828226, 1226561.0400993875, NaN)
Error: intersection tid1 null, tid2 d13ee51d-2c13-4978-ac0b-89ab9d3be234, coord (2614840.542879309, 1226560.6973620655, NaN)
Error: intersection tid1 null, tid2 d13ee51d-2c13-4978-ac0b-89ab9d3be234, coord (2614840.556307694, 1226560.7297692345, NaN)
Error: intersection tid1 null, tid2 d13ee51d-2c13-4978-ac0b-89ab9d3be234, coord (2614840.389078657, 1226560.3595585986, NaN)
Error: intersection tid1 null, tid2 d13ee51d-2c13-4978-ac0b-89ab9d3be234, coord (2614840.226142451, 1226560.0416809132, NaN)
Error: intersection tid1 null, tid2 d13ee51d-2c13-4978-ac0b-89ab9d3be234, coord (2614840.259298242, 1226560.1040282159, NaN)
Error: intersection tid1 null, tid2 d13ee51d-2c13-4978-ac0b-89ab9d3be234, coord (2614840.048152537, 1226559.7295762629, NaN)
Error: intersection tid1 null, tid2 d13ee51d-2c13-4978-ac0b-89ab9d3be234, coord (2614840.083062504, 1226559.7882250065, NaN)
Error: intersection tid1 null, tid2 d13ee51d-2c13-4978-ac0b-89ab9d3be234, coord (2614839.458615854, 1226558.8803292685, NaN)
Error: intersection tid1 null, tid2 d13ee51d-2c13-4978-ac0b-89ab9d3be234, coord (2614839.462087378, 1226558.884747572, NaN)
Error: intersection tid1 null, tid2 d13ee51d-2c13-4978-ac0b-89ab9d3be234, coord (2614839.2031742134, 1226558.5754401828, NaN)
Error: intersection tid1 null, tid2 d13ee51d-2c13-4978-ac0b-89ab9d3be234, coord (2614839.2607588586, 1226558.6415062875, NaN)
Error: intersection tid1 null, tid2 d13ee51d-2c13-4978-ac0b-89ab9d3be234, coord (2614838.710906611, 1226558.065517506, NaN)
Error: intersection tid1 null, tid2 d13ee51d-2c13-4978-ac0b-89ab9d3be234, coord (2614838.756242792, 1226558.1082995362, NaN)
Error: intersection tid1 null, tid2 d13ee51d-2c13-4978-ac0b-89ab9d3be234, coord (2614838.4694549344, 1226557.845193132, NaN)
Error: intersection tid1 null, tid2 d13ee51d-2c13-4978-ac0b-89ab9d3be234, coord (2614838.4828455355, 1226557.8566065975, NaN)
Error: intersection tid1 null, tid2 d13ee51d-2c13-4978-ac0b-89ab9d3be234, coord (2614838.2013681564, 1226557.6217213909, NaN)
Error: intersection tid1 null, tid2 d13ee51d-2c13-4978-ac0b-89ab9d3be234, coord (2614838.2232985124, 1226557.6396119443, NaN)
Error: intersection tid1 null, tid2 d13ee51d-2c13-4978-ac0b-89ab9d3be234, coord (2614837.9193303357, 1226557.407753624, NaN)
Error: intersection tid1 null, tid2 d13ee51d-2c13-4978-ac0b-89ab9d3be234, coord (2614837.933769145, 1226557.4184217886, NaN)
Error: intersection tid1 null, tid2 d13ee51d-2c13-4978-ac0b-89ab9d3be234, coord (2614837.6127119334, 1226557.1958888886, NaN)
Error: intersection tid1 null, tid2 d13ee51d-2c13-4978-ac0b-89ab9d3be234, coord (2614837.6524945274, 1226557.2222479077, NaN)
Error: intersection tid1 null, tid2 d13ee51d-2c13-4978-ac0b-89ab9d3be234, coord (2614837.323216632, 1226557.014591944, NaN)
Error: intersection tid1 null, tid2 d13ee51d-2c13-4978-ac0b-89ab9d3be234, coord (2614837.3356236517, 1226557.0219032234, NaN)
Error: intersection tid1 null, tid2 d13ee51d-2c13-4978-ac0b-89ab9d3be234, coord (2614836.3459999957, 1226556.520599998, NaN)
Error: intersection tid1 null, tid2 d13ee51d-2c13-4978-ac0b-89ab9d3be234, coord (2614836.437109009, 1226556.5600805704, NaN)
Error: intersection tid1 null, tid2 d13ee51d-2c13-4978-ac0b-89ab9d3be234, coord (2614836.080571433, 1226556.414428573, NaN)
Error: intersection tid1 null, tid2 bbd8148b-faf3-4c3d-b593-887638bb3268, coord (2616357.665564086, 1226048.14652624, NaN)
Error: intersection tid1 null, tid2 bbd8148b-faf3-4c3d-b593-887638bb3268, coord (2616360.800591461, 1226045.5135522757, NaN)
Error: intersection tid1 null, tid2 d13ee51d-2c13-4978-ac0b-89ab9d3be234, coord (2614845.507945087, 1226575.4524535558, NaN)
Error: intersection tid1 null, tid2 d13ee51d-2c13-4978-ac0b-89ab9d3be234, coord (2614845.42701898, 1226575.59300749, NaN)
Error: intersection tid1 null, tid2 null, coord (2616086.228625508, 1226386.7563706676, NaN)
Error: intersection tid1 null, tid2 null, coord (2616218.9845525543, 1226307.4008947497, NaN)
Error: intersection tid1 null, tid2 null, coord (2616012.3149358053, 1226241.3989750522, NaN)
Error: intersection tid1 null, tid2 d13ee51d-2c13-4978-ac0b-89ab9d3be234, coord (2614836.7549578208, 1226570.5989700875, NaN)
Error: intersection tid1 null, tid2 d13ee51d-2c13-4978-ac0b-89ab9d3be234, coord (2614833.466672783, 1226576.4584499274, NaN)
Error: intersection tid1 null, tid2 d13ee51d-2c13-4978-ac0b-89ab9d3be234, coord (2614833.7460257616, 1226576.3086391815, NaN)
Error: intersection tid1 null, tid2 d13ee51d-2c13-4978-ac0b-89ab9d3be234, coord (2614833.78500454, 1226576.2864924422, NaN)
Error: intersection tid1 null, tid2 d13ee51d-2c13-4978-ac0b-89ab9d3be234, coord (2614834.0786086908, 1226576.1113291956, NaN)
Error: intersection tid1 null, tid2 d13ee51d-2c13-4978-ac0b-89ab9d3be234, coord (2614834.06970693, 1226576.1169609218, NaN)
Error: intersection tid1 null, tid2 d13ee51d-2c13-4978-ac0b-89ab9d3be234, coord (2614834.3872212134, 1226575.9084463147, NaN)
Error: intersection tid1 null, tid2 d13ee51d-2c13-4978-ac0b-89ab9d3be234, coord (2614834.364847091, 1226575.9239904422, NaN)
Error: intersection tid1 null, tid2 d13ee51d-2c13-4978-ac0b-89ab9d3be234, coord (2614834.6761432397, 1226575.6990212174, NaN)
Error: intersection tid1 null, tid2 d13ee51d-2c13-4978-ac0b-89ab9d3be234, coord (2614834.654563033, 1226575.7152643837, NaN)
Error: intersection tid1 null, tid2 d13ee51d-2c13-4978-ac0b-89ab9d3be234, coord (2614834.955827333, 1226575.4772086374, NaN)
Error: intersection tid1 null, tid2 d13ee51d-2c13-4978-ac0b-89ab9d3be234, coord (2614835.2288574665, 1226575.239617647, NaN)
Error: intersection tid1 null, tid2 d13ee51d-2c13-4978-ac0b-89ab9d3be234, coord (2614835.2111304346, 1226575.2556956524, NaN)
Error: intersection tid1 null, tid2 d13ee51d-2c13-4978-ac0b-89ab9d3be234, coord (2614835.491425017, 1226574.9901996828, NaN)
Error: intersection tid1 null, tid2 d13ee51d-2c13-4978-ac0b-89ab9d3be234, coord (2614835.4597937563, 1226575.0210687444, NaN)
Error: intersection tid1 null, tid2 d13ee51d-2c13-4978-ac0b-89ab9d3be234, coord (2614835.744414551, 1226574.7267818118, NaN)
Error: intersection tid1 null, tid2 d13ee51d-2c13-4978-ac0b-89ab9d3be234, coord (2614835.711354872, 1226574.7623523527, NaN)
Error: intersection tid1 null, tid2 4d7f40b2-bd58-4bc0-a5ef-7b416d2e3dfd, coord (2614761.432, 1226705.851, NaN), coord2 (2614761.458, 1226705.773, NaN)
Error: intersection tid1 null, tid2 4d7f40b2-bd58-4bc0-a5ef-7b416d2e3dfd, coord (2614761.458, 1226705.773, NaN), coord2 (2614761.484, 1226705.695, NaN)
Error: intersection tid1 null, tid2 4d7f40b2-bd58-4bc0-a5ef-7b416d2e3dfd, coord (2614761.171, 1226707.631, NaN), coord2 (2614761.171, 1226707.549, NaN)
Error: intersection tid1 null, tid2 4d7f40b2-bd58-4bc0-a5ef-7b416d2e3dfd, coord (2614761.171, 1226707.549, NaN), coord2 (2614761.171, 1226707.467, NaN)
Error: intersection tid1 null, tid2 4d7f40b2-bd58-4bc0-a5ef-7b416d2e3dfd, coord (2614761.462, 1226709.324, NaN), coord2 (2614761.437, 1226709.246, NaN)
Error: intersection tid1 null, tid2 4d7f40b2-bd58-4bc0-a5ef-7b416d2e3dfd, coord (2614761.437, 1226709.246, NaN), coord2 (2614761.412, 1226709.168, NaN)
Error: intersection tid1 null, tid2 4d7f40b2-bd58-4bc0-a5ef-7b416d2e3dfd, coord (2614764.687, 1226712.738, NaN), coord2 (2614764.611, 1226712.706, NaN)
Error: intersection tid1 null, tid2 4d7f40b2-bd58-4bc0-a5ef-7b416d2e3dfd, coord (2614764.611, 1226712.706, NaN), coord2 (2614764.535, 1226712.674, NaN)
Error: intersection tid1 null, tid2 d13ee51d-2c13-4978-ac0b-89ab9d3be234, coord (2614842.697314362, 1226578.3813152711, NaN)
Error: intersection tid1 null, tid2 d13ee51d-2c13-4978-ac0b-89ab9d3be234, coord (2614842.7095562927, 1226578.3212715161, NaN)
Error: intersection tid1 null, tid2 d13ee51d-2c13-4978-ac0b-89ab9d3be234, coord (2614842.640352179, 1226578.7121531197, NaN)
Error: intersection tid1 null, tid2 d13ee51d-2c13-4978-ac0b-89ab9d3be234, coord (2614842.641870574, 1226578.7019651784, NaN)
Error: intersection tid1 null, tid2 d13ee51d-2c13-4978-ac0b-89ab9d3be234, coord (2614843.1558550117, 1226582.8539252717, NaN)
Error: intersection tid1 null, tid2 d13ee51d-2c13-4978-ac0b-89ab9d3be234, coord (2614843.154503873, 1226582.8507286755, NaN)
Error: intersection tid1 null, tid2 d13ee51d-2c13-4978-ac0b-89ab9d3be234, coord (2614843.641763406, 1226583.8192446395, NaN)
Error: intersection tid1 null, tid2 d13ee51d-2c13-4978-ac0b-89ab9d3be234, coord (2614843.617532895, 1226583.7782565795, NaN)
Error: intersection tid1 null, tid2 d13ee51d-2c13-4978-ac0b-89ab9d3be234, coord (2614843.8303933134, 1226584.1214344432, NaN)
Error: intersection tid1 null, tid2 d13ee51d-2c13-4978-ac0b-89ab9d3be234, coord (2614843.80817638, 1226584.0882039876, NaN)
Error: intersection tid1 null, tid2 d13ee51d-2c13-4978-ac0b-89ab9d3be234, coord (2614843.976977624, 1226584.3357863745, NaN)
Error: intersection tid1 null, tid2 d13ee51d-2c13-4978-ac0b-89ab9d3be234, coord (2614845.42701898, 1226575.59300749, NaN)
Error: intersection tid1 null, tid2 bbd8148b-faf3-4c3d-b593-887638bb3268, coord (2616134.8300383794, 1225628.8600127932, NaN)
Error: intersection tid1 null, tid2 29dfdc80-fd89-4b99-b431-72db3d8e34ed, coord (2615459.205504574, 1226120.1224631371, NaN)
Error: intersection tid1 null, tid2 bbd8148b-faf3-4c3d-b593-887638bb3268, coord (2616357.665564086, 1226048.14652624, NaN)
Error: line 238: SO_Nutzungsplanung_20171118.Nutzungsplanung.Grundnutzung: tid fd067193-a6b3-452e-8753-766a4ae5cb19: failed to validate AREA SO_Nutzungsplanung_20171118.Nutzungsplanung.Grundnutzung.Geometrie
Info: /tmp/ilivalidator_7669631404127348790/exp1_npletztst03_20191104C_NoVal.xtf: SO_Nutzungsplanung_20171118.Erschliessungsplanung BID=SO_Nutzungsplanung_20171118.Erschliessungsplanung
Info: /tmp/ilivalidator_7669631404127348790/exp1_npletztst03_20191104C_NoVal.xtf: SO_Nutzungsplanung_20171118.Nutzungsplanung BID=SO_Nutzungsplanung_20171118.Nutzungsplanung
Info:     237 objects in CLASS SO_Nutzungsplanung_20171118.Nutzungsplanung.Grundnutzung
Info:      14 objects in CLASS SO_Nutzungsplanung_20171118.Nutzungsplanung.Typ_Grundnutzung
Info: /tmp/ilivalidator_7669631404127348790/exp1_npletztst03_20191104C_NoVal.xtf: SO_Nutzungsplanung_20171118.Rechtsvorschriften BID=SO_Nutzungsplanung_20171118.Rechtsvorschriften
Info: /tmp/ilivalidator_7669631404127348790/exp1_npletztst03_20191104C_NoVal.xtf: SO_Nutzungsplanung_20171118.TransferMetadaten BID=SO_Nutzungsplanung_20171118.TransferMetadaten
Info: /tmp/ilivalidator_7669631404127348790/exp1_npletztst03_20191104C_NoVal.xtf: SO_Nutzungsplanung_20171118.Verfahrenstand BID=SO_Nutzungsplanung_20171118.Verfahrenstand
Info: ...validation failed
